[2021-09-2415:25:34] [ ERROR] [GlobalExceptionHandler:24] Student Not Exist
[2021-09-2415:27:17] [ ERROR] [GlobalExceptionHandler:24] Student Not Exist
[2021-09-2415:33:27] [ ERROR] [GlobalExceptionHandler:24] Student Not Exist ServletWebRequest: uri=/students/222222;client=0:0:0:0:0:0:0:1
[2021-09-2415:35:53] [ ERROR] [GlobalExceptionHandler:24] Student Not Exist null
[2021-09-2415:38:42] [ ERROR] [GlobalExceptionHandler:24] Failed to convert value of type 'java.lang.String' to required type 'java.lang.Long'; nested exception is java.lang.NumberFormatException: For input string: "list"
[2021-09-2417:10:08] [ ERROR] [GlobalExceptionHandler:24] could not execute statement; SQL [n/a]; constraint ["FKGMAGJL75GQ0NWVYBIC6DFNM82: PUBLIC.COURSES FOREIGN KEY(STUDENT_ID) REFERENCES PUBLIC.STUDENTS(ID) (18)"; SQL statement:
delete from students where id=? [23503-200]]; nested exception is org.hibernate.exception.ConstraintViolationException: could not execute statement
[2021-09-2417:10:22] [ ERROR] [GlobalExceptionHandler:24] could not execute statement; SQL [n/a]; constraint ["FKGMAGJL75GQ0NWVYBIC6DFNM82: PUBLIC.COURSES FOREIGN KEY(STUDENT_ID) REFERENCES PUBLIC.STUDENTS(ID) (18)"; SQL statement:
delete from students where id=? [23503-200]]; nested exception is org.hibernate.exception.ConstraintViolationException: could not execute statement
[2021-09-2417:11:01] [ ERROR] [GlobalExceptionHandler:24] could not execute statement; SQL [n/a]; constraint ["FKGMAGJL75GQ0NWVYBIC6DFNM82: PUBLIC.COURSES FOREIGN KEY(STUDENT_ID) REFERENCES PUBLIC.STUDENTS(ID) (18)"; SQL statement:
delete from students where id=? [23503-200]]; nested exception is org.hibernate.exception.ConstraintViolationException: could not execute statement
[2021-09-2417:14:39] [ ERROR] [GlobalExceptionHandler:24] could not execute statement; SQL [n/a]; constraint ["FKGMAGJL75GQ0NWVYBIC6DFNM82: PUBLIC.COURSES FOREIGN KEY(STUDENT_ID) REFERENCES PUBLIC.STUDENTS(ID) (18)"; SQL statement:
delete from students where id=? [23503-200]]; nested exception is org.hibernate.exception.ConstraintViolationException: could not execute statement
[2021-09-2417:15:45] [ ERROR] [GlobalExceptionHandler:24] could not execute statement; SQL [n/a]; constraint ["FKGMAGJL75GQ0NWVYBIC6DFNM82: PUBLIC.COURSES FOREIGN KEY(STUDENT_ID) REFERENCES PUBLIC.STUDENTS(ID) (18)"; SQL statement:
delete from students where id=? [23503-200]]; nested exception is org.hibernate.exception.ConstraintViolationException: could not execute statement
[2021-09-2417:19:46] [ ERROR] [GlobalExceptionHandler:24] could not execute statement; SQL [n/a]; constraint ["FKGMAGJL75GQ0NWVYBIC6DFNM82: PUBLIC.COURSES FOREIGN KEY(STUDENT_ID) REFERENCES PUBLIC.STUDENTS(ID) (18)"; SQL statement:
delete from students where id=? [23503-200]]; nested exception is org.hibernate.exception.ConstraintViolationException: could not execute statement
[2021-09-2417:21:04] [ ERROR] [GlobalExceptionHandler:24] could not execute statement; SQL [n/a]; constraint ["FKGMAGJL75GQ0NWVYBIC6DFNM82: PUBLIC.COURSES FOREIGN KEY(STUDENT_ID) REFERENCES PUBLIC.STUDENTS(ID) (18)"; SQL statement:
delete from students where id=? [23503-200]]; nested exception is org.hibernate.exception.ConstraintViolationException: could not execute statement
[2021-09-2417:22:35] [ ERROR] [GlobalExceptionHandler:24] could not execute statement; SQL [n/a]; constraint ["FKGMAGJL75GQ0NWVYBIC6DFNM82: PUBLIC.COURSES FOREIGN KEY(STUDENT_ID) REFERENCES PUBLIC.STUDENTS(ID) (18)"; SQL statement:
delete from students where id=? [23503-200]]; nested exception is org.hibernate.exception.ConstraintViolationException: could not execute statement
[2021-09-2417:23:37] [ ERROR] [GlobalExceptionHandler:24] could not execute statement; SQL [n/a]; constraint ["FKGMAGJL75GQ0NWVYBIC6DFNM82: PUBLIC.COURSES FOREIGN KEY(STUDENT_ID) REFERENCES PUBLIC.STUDENTS(ID) (18)"; SQL statement:
delete from students where id=? [23503-200]]; nested exception is org.hibernate.exception.ConstraintViolationException: could not execute statement
[2021-09-2417:24:48] [ ERROR] [GlobalExceptionHandler:24] could not execute statement; SQL [n/a]; constraint ["FKGMAGJL75GQ0NWVYBIC6DFNM82: PUBLIC.COURSES FOREIGN KEY(STUDENT_ID) REFERENCES PUBLIC.STUDENTS(ID) (18)"; SQL statement:
delete from students where id=? [23503-200]]; nested exception is org.hibernate.exception.ConstraintViolationException: could not execute statement
[2021-09-2417:26:51] [ ERROR] [GlobalExceptionHandler:24] could not execute statement; SQL [n/a]; constraint ["FKGMAGJL75GQ0NWVYBIC6DFNM82: PUBLIC.COURSES FOREIGN KEY(STUDENT_ID) REFERENCES PUBLIC.STUDENTS(ID) (18)"; SQL statement:
delete from students where id=? [23503-200]]; nested exception is org.hibernate.exception.ConstraintViolationException: could not execute statement
[2021-09-2417:27:50] [ ERROR] [GlobalExceptionHandler:24] could not execute statement; SQL [n/a]; constraint ["FKGMAGJL75GQ0NWVYBIC6DFNM82: PUBLIC.COURSES FOREIGN KEY(STUDENT_ID) REFERENCES PUBLIC.STUDENTS(ID) (18)"; SQL statement:
delete from students where id=? [23503-200]]; nested exception is org.hibernate.exception.ConstraintViolationException: could not execute statement
[2021-09-2417:29:50] [ ERROR] [GlobalExceptionHandler:24] could not execute statement; SQL [n/a]; constraint ["FKGMAGJL75GQ0NWVYBIC6DFNM82: PUBLIC.COURSES FOREIGN KEY(STUDENT_ID) REFERENCES PUBLIC.STUDENTS(ID) (18)"; SQL statement:
delete from students where id=? [23503-200]]; nested exception is org.hibernate.exception.ConstraintViolationException: could not execute statement
[2021-09-2417:30:41] [ ERROR] [GlobalExceptionHandler:24] could not execute statement; SQL [n/a]; constraint ["FKGMAGJL75GQ0NWVYBIC6DFNM82: PUBLIC.COURSES FOREIGN KEY(STUDENT_ID) REFERENCES PUBLIC.STUDENTS(ID) (18)"; SQL statement:
delete from students where id=? [23503-200]]; nested exception is org.hibernate.exception.ConstraintViolationException: could not execute statement
[2021-09-2417:31:33] [ ERROR] [GlobalExceptionHandler:24] could not execute statement; SQL [n/a]; constraint ["FKGMAGJL75GQ0NWVYBIC6DFNM82: PUBLIC.COURSES FOREIGN KEY(STUDENT_ID) REFERENCES PUBLIC.STUDENTS(ID) (18)"; SQL statement:
delete from students where id=? [23503-200]]; nested exception is org.hibernate.exception.ConstraintViolationException: could not execute statement
[2021-09-2417:32:37] [ ERROR] [GlobalExceptionHandler:24] could not execute statement; SQL [n/a]; constraint ["FKGMAGJL75GQ0NWVYBIC6DFNM82: PUBLIC.COURSES FOREIGN KEY(STUDENT_ID) REFERENCES PUBLIC.STUDENTS(ID) (18)"; SQL statement:
delete from students where id=? [23503-200]]; nested exception is org.hibernate.exception.ConstraintViolationException: could not execute statement
[2021-09-2417:36:10] [ ERROR] [GlobalExceptionHandler:24] could not execute statement; SQL [n/a]; constraint ["FKGMAGJL75GQ0NWVYBIC6DFNM82: PUBLIC.COURSES FOREIGN KEY(STUDENT_ID) REFERENCES PUBLIC.STUDENTS(ID) (18)"; SQL statement:
delete from students where id=? [23503-200]]; nested exception is org.hibernate.exception.ConstraintViolationException: could not execute statement
[2021-09-2417:36:36] [ ERROR] [GlobalExceptionHandler:24] could not execute statement; SQL [n/a]; constraint ["FKGMAGJL75GQ0NWVYBIC6DFNM82: PUBLIC.COURSES FOREIGN KEY(STUDENT_ID) REFERENCES PUBLIC.STUDENTS(ID) (18)"; SQL statement:
delete from students where id=? [23503-200]]; nested exception is org.hibernate.exception.ConstraintViolationException: could not execute statement
[2021-09-2417:37:00] [ ERROR] [GlobalExceptionHandler:24] could not execute statement; SQL [n/a]; constraint ["FKGMAGJL75GQ0NWVYBIC6DFNM82: PUBLIC.COURSES FOREIGN KEY(STUDENT_ID) REFERENCES PUBLIC.STUDENTS(ID) (18)"; SQL statement:
delete from students where id=? [23503-200]]; nested exception is org.hibernate.exception.ConstraintViolationException: could not execute statement
[2021-09-2623:42:41] [ ERROR] [GlobalExceptionHandler:24] Request method 'POST' not supported
[2021-09-2623:47:10] [ ERROR] [GlobalExceptionHandler:24] not-null property references a null or transient value : com.example.demo.model.Course.student; nested exception is org.hibernate.PropertyValueException: not-null property references a null or transient value : com.example.demo.model.Course.student
[2021-09-2700:03:00] [ ERROR] [GlobalExceptionHandler:24] Request method 'POST' not supported
[2021-09-2700:03:33] [ ERROR] [GlobalExceptionHandler:24] not-null property references a null or transient value : com.example.demo.model.Course.student; nested exception is org.hibernate.PropertyValueException: not-null property references a null or transient value : com.example.demo.model.Course.student
[2021-09-2713:07:08] [ ERROR] [GlobalExceptionHandler:24] not-null property references a null or transient value : com.example.demo.model.Course.student; nested exception is org.hibernate.PropertyValueException: not-null property references a null or transient value : com.example.demo.model.Course.student
[2021-09-2713:07:19] [ ERROR] [GlobalExceptionHandler:24] Request method 'GET' not supported
[2021-10-1101:50:18] [ ERROR] [GlobalExceptionHandler:24] Request method 'GET' not supported
[2021-10-1200:27:00] [ ERROR] [GlobalExceptionHandler:24] not-null property references a null or transient value : com.example.demo.model.Client.veterinary; nested exception is org.hibernate.PropertyValueException: not-null property references a null or transient value : com.example.demo.model.Client.veterinary
[2021-10-1200:35:10] [ ERROR] [GlobalExceptionHandler:24] JSON parse error: Cannot deserialize value of type `java.sql.Timestamp` from String "2020-10-1": not a valid representation (error: Failed to parse Date value '2020-10-1': Cannot parse date "2020-10-1": while it seems to fit format 'yyyy-MM-dd', parsing fails (leniency? null)); nested exception is com.fasterxml.jackson.databind.exc.InvalidFormatException: Cannot deserialize value of type `java.sql.Timestamp` from String "2020-10-1": not a valid representation (error: Failed to parse Date value '2020-10-1': Cannot parse date "2020-10-1": while it seems to fit format 'yyyy-MM-dd', parsing fails (leniency? null))
 at [Source: (PushbackInputStream); line: 7, column: 19] (through reference chain: com.example.demo.model.ClientDTO["shift_date"])
[2021-10-1200:35:47] [ ERROR] [GlobalExceptionHandler:24] not-null property references a null or transient value : com.example.demo.model.Client.veterinary; nested exception is org.hibernate.PropertyValueException: not-null property references a null or transient value : com.example.demo.model.Client.veterinary
[2021-10-1200:36:52] [ ERROR] [GlobalExceptionHandler:24] not-null property references a null or transient value : com.example.demo.model.Client.veterinary; nested exception is org.hibernate.PropertyValueException: not-null property references a null or transient value : com.example.demo.model.Client.veterinary
[2021-10-1200:37:07] [ ERROR] [GlobalExceptionHandler:24] not-null property references a null or transient value : com.example.demo.model.Client.veterinary; nested exception is org.hibernate.PropertyValueException: not-null property references a null or transient value : com.example.demo.model.Client.veterinary
[2021-10-1200:40:45] [ ERROR] [GlobalExceptionHandler:24] not-null property references a null or transient value : com.example.demo.model.Client.veterinary; nested exception is org.hibernate.PropertyValueException: not-null property references a null or transient value : com.example.demo.model.Client.veterinary
[2021-10-1200:43:27] [ ERROR] [GlobalExceptionHandler:24] not-null property references a null or transient value : com.example.demo.model.Client.veterinary; nested exception is org.hibernate.PropertyValueException: not-null property references a null or transient value : com.example.demo.model.Client.veterinary
[2021-10-1200:46:34] [ ERROR] [GlobalExceptionHandler:24] not-null property references a null or transient value : com.example.demo.model.Client.veterinary; nested exception is org.hibernate.PropertyValueException: not-null property references a null or transient value : com.example.demo.model.Client.veterinary
[2021-10-1200:47:33] [ ERROR] [GlobalExceptionHandler:24] JSON parse error: Cannot construct instance of `com.example.demo.model.Veterinary` (although at least one Creator exists): no int/Int-argument constructor/factory method to deserialize from Number value (1); nested exception is com.fasterxml.jackson.databind.exc.MismatchedInputException: Cannot construct instance of `com.example.demo.model.Veterinary` (although at least one Creator exists): no int/Int-argument constructor/factory method to deserialize from Number value (1)
 at [Source: (PushbackInputStream); line: 1, column: 82] (through reference chain: com.example.demo.model.ClientDTO["veterinary"])
[2021-10-1200:48:44] [ ERROR] [GlobalExceptionHandler:24] JSON parse error: Cannot construct instance of `com.example.demo.model.Veterinary` (although at least one Creator exists): no int/Int-argument constructor/factory method to deserialize from Number value (1); nested exception is com.fasterxml.jackson.databind.exc.MismatchedInputException: Cannot construct instance of `com.example.demo.model.Veterinary` (although at least one Creator exists): no int/Int-argument constructor/factory method to deserialize from Number value (1)
 at [Source: (PushbackInputStream); line: 1, column: 77] (through reference chain: com.example.demo.model.ClientDTO["veterinary"])
[2021-10-1200:49:51] [ ERROR] [GlobalExceptionHandler:24] JSON parse error: Cannot construct instance of `com.example.demo.model.Veterinary` (although at least one Creator exists): no int/Int-argument constructor/factory method to deserialize from Number value (1); nested exception is com.fasterxml.jackson.databind.exc.MismatchedInputException: Cannot construct instance of `com.example.demo.model.Veterinary` (although at least one Creator exists): no int/Int-argument constructor/factory method to deserialize from Number value (1)
 at [Source: (PushbackInputStream); line: 1, column: 80] (through reference chain: com.example.demo.model.ClientDTO["veterinary"])
[2021-10-1200:50:29] [ ERROR] [GlobalExceptionHandler:24] JSON parse error: Cannot construct instance of `com.example.demo.model.Veterinary` (although at least one Creator exists): no int/Int-argument constructor/factory method to deserialize from Number value (1); nested exception is com.fasterxml.jackson.databind.exc.MismatchedInputException: Cannot construct instance of `com.example.demo.model.Veterinary` (although at least one Creator exists): no int/Int-argument constructor/factory method to deserialize from Number value (1)
 at [Source: (PushbackInputStream); line: 1, column: 81] (through reference chain: com.example.demo.model.ClientDTO["veterinary"])
[2021-10-1200:51:27] [ ERROR] [GlobalExceptionHandler:24] JSON parse error: Cannot construct instance of `com.example.demo.model.Veterinary` (although at least one Creator exists): no int/Int-argument constructor/factory method to deserialize from Number value (1); nested exception is com.fasterxml.jackson.databind.exc.MismatchedInputException: Cannot construct instance of `com.example.demo.model.Veterinary` (although at least one Creator exists): no int/Int-argument constructor/factory method to deserialize from Number value (1)
 at [Source: (PushbackInputStream); line: 1, column: 81] (through reference chain: com.example.demo.model.ClientDTO["veterinary"])
[2021-10-1200:52:27] [ ERROR] [GlobalExceptionHandler:24] Request method 'PUT' not supported
[2021-10-1200:53:12] [ ERROR] [GlobalExceptionHandler:24] Request method 'PUT' not supported
[2021-10-1201:00:42] [ ERROR] [GlobalExceptionHandler:24] Request method 'PUT' not supported
[2021-10-1201:02:29] [ ERROR] [GlobalExceptionHandler:24] Request method 'PUT' not supported
[2021-10-1201:03:21] [ ERROR] [GlobalExceptionHandler:24] JSON parse error: Cannot construct instance of `com.example.demo.model.Veterinary` (although at least one Creator exists): no int/Int-argument constructor/factory method to deserialize from Number value (1); nested exception is com.fasterxml.jackson.databind.exc.MismatchedInputException: Cannot construct instance of `com.example.demo.model.Veterinary` (although at least one Creator exists): no int/Int-argument constructor/factory method to deserialize from Number value (1)
 at [Source: (PushbackInputStream); line: 1, column: 80] (through reference chain: com.example.demo.model.ClientDTO["veterinary"])
[2021-10-1201:04:04] [ ERROR] [GlobalExceptionHandler:24] JSON parse error: Cannot construct instance of `com.example.demo.model.Veterinary` (although at least one Creator exists): no int/Int-argument constructor/factory method to deserialize from Number value (1); nested exception is com.fasterxml.jackson.databind.exc.MismatchedInputException: Cannot construct instance of `com.example.demo.model.Veterinary` (although at least one Creator exists): no int/Int-argument constructor/factory method to deserialize from Number value (1)
 at [Source: (PushbackInputStream); line: 1, column: 79] (through reference chain: com.example.demo.model.ClientDTO["veterinary"])
[2021-10-1321:59:07] [ ERROR] [GlobalExceptionHandler:24] JSON parse error: Cannot construct instance of `com.example.demo.model.Veterinary` (although at least one Creator exists): no int/Int-argument constructor/factory method to deserialize from Number value (1); nested exception is com.fasterxml.jackson.databind.exc.MismatchedInputException: Cannot construct instance of `com.example.demo.model.Veterinary` (although at least one Creator exists): no int/Int-argument constructor/factory method to deserialize from Number value (1)
 at [Source: (PushbackInputStream); line: 1, column: 77] (through reference chain: com.example.demo.model.ClientDTO["veterinary"])
[2021-10-1322:07:54] [ ERROR] [GlobalExceptionHandler:24] not-null property references a null or transient value : com.example.demo.model.Client.veterinary; nested exception is org.hibernate.PropertyValueException: not-null property references a null or transient value : com.example.demo.model.Client.veterinary
[2021-10-1323:28:12] [ ERROR] [GlobalExceptionHandler:24] No default constructor for entity:  : com.example.demo.model.Client; nested exception is org.hibernate.InstantiationException: No default constructor for entity:  : com.example.demo.model.Client
[2021-10-1323:28:15] [ ERROR] [GlobalExceptionHandler:24] No default constructor for entity:  : com.example.demo.model.Client; nested exception is org.hibernate.InstantiationException: No default constructor for entity:  : com.example.demo.model.Client
[2021-10-1323:29:09] [ ERROR] [GlobalExceptionHandler:24] No default constructor for entity:  : com.example.demo.model.Client; nested exception is org.hibernate.InstantiationException: No default constructor for entity:  : com.example.demo.model.Client
[2021-10-1323:35:18] [ ERROR] [GlobalExceptionHandler:24] No default constructor for entity:  : com.example.demo.model.Client; nested exception is org.hibernate.InstantiationException: No default constructor for entity:  : com.example.demo.model.Client
[2021-10-1323:35:19] [ ERROR] [GlobalExceptionHandler:24] No default constructor for entity:  : com.example.demo.model.Client; nested exception is org.hibernate.InstantiationException: No default constructor for entity:  : com.example.demo.model.Client
[2021-10-1323:35:20] [ ERROR] [GlobalExceptionHandler:24] No default constructor for entity:  : com.example.demo.model.Client; nested exception is org.hibernate.InstantiationException: No default constructor for entity:  : com.example.demo.model.Client
[2021-10-1323:35:21] [ ERROR] [GlobalExceptionHandler:24] No default constructor for entity:  : com.example.demo.model.Client; nested exception is org.hibernate.InstantiationException: No default constructor for entity:  : com.example.demo.model.Client
[2021-10-1323:35:21] [ ERROR] [GlobalExceptionHandler:24] No default constructor for entity:  : com.example.demo.model.Client; nested exception is org.hibernate.InstantiationException: No default constructor for entity:  : com.example.demo.model.Client
[2021-10-1323:35:22] [ ERROR] [GlobalExceptionHandler:24] No default constructor for entity:  : com.example.demo.model.Client; nested exception is org.hibernate.InstantiationException: No default constructor for entity:  : com.example.demo.model.Client
[2021-10-1323:35:27] [ ERROR] [GlobalExceptionHandler:24] No default constructor for entity:  : com.example.demo.model.Client; nested exception is org.hibernate.InstantiationException: No default constructor for entity:  : com.example.demo.model.Client
[2021-10-1323:36:25] [ ERROR] [GlobalExceptionHandler:24] No default constructor for entity:  : com.example.demo.model.Client; nested exception is org.hibernate.InstantiationException: No default constructor for entity:  : com.example.demo.model.Client
[2021-10-1422:12:17] [ ERROR] [GlobalExceptionHandler:24] No class com.example.demo.model.Client entity with id 16 exists!
[2021-10-1501:06:17] [ ERROR] [GlobalExceptionHandler:24] No default constructor for entity:  : com.example.demo.model.Veterinary; nested exception is org.hibernate.InstantiationException: No default constructor for entity:  : com.example.demo.model.Veterinary
[2021-10-1501:06:38] [ ERROR] [GlobalExceptionHandler:24] No default constructor for entity:  : com.example.demo.model.Veterinary; nested exception is org.hibernate.InstantiationException: No default constructor for entity:  : com.example.demo.model.Veterinary
[2021-10-1501:06:39] [ ERROR] [GlobalExceptionHandler:24] No default constructor for entity:  : com.example.demo.model.Veterinary; nested exception is org.hibernate.InstantiationException: No default constructor for entity:  : com.example.demo.model.Veterinary
[2021-10-1501:06:39] [ ERROR] [GlobalExceptionHandler:24] No default constructor for entity:  : com.example.demo.model.Veterinary; nested exception is org.hibernate.InstantiationException: No default constructor for entity:  : com.example.demo.model.Veterinary
[2021-10-1501:06:39] [ ERROR] [GlobalExceptionHandler:24] No default constructor for entity:  : com.example.demo.model.Veterinary; nested exception is org.hibernate.InstantiationException: No default constructor for entity:  : com.example.demo.model.Veterinary
[2021-10-1501:06:40] [ ERROR] [GlobalExceptionHandler:24] No default constructor for entity:  : com.example.demo.model.Veterinary; nested exception is org.hibernate.InstantiationException: No default constructor for entity:  : com.example.demo.model.Veterinary
[2021-10-1501:06:40] [ ERROR] [GlobalExceptionHandler:24] No default constructor for entity:  : com.example.demo.model.Veterinary; nested exception is org.hibernate.InstantiationException: No default constructor for entity:  : com.example.demo.model.Veterinary
[2021-10-1501:06:40] [ ERROR] [GlobalExceptionHandler:24] No default constructor for entity:  : com.example.demo.model.Veterinary; nested exception is org.hibernate.InstantiationException: No default constructor for entity:  : com.example.demo.model.Veterinary
[2021-10-1501:09:15] [ ERROR] [GlobalExceptionHandler:24] No default constructor for entity:  : com.example.demo.model.Veterinary; nested exception is org.hibernate.InstantiationException: No default constructor for entity:  : com.example.demo.model.Veterinary
[2021-10-1501:11:08] [ ERROR] [GlobalExceptionHandler:24] No default constructor for entity:  : com.example.demo.model.Veterinary; nested exception is org.hibernate.InstantiationException: No default constructor for entity:  : com.example.demo.model.Veterinary
[2021-10-1501:11:19] [ ERROR] [GlobalExceptionHandler:24] No default constructor for entity:  : com.example.demo.model.Veterinary; nested exception is org.hibernate.InstantiationException: No default constructor for entity:  : com.example.demo.model.Veterinary
[2021-10-1501:12:29] [ ERROR] [GlobalExceptionHandler:24] Request method 'PUT' not supported
[2021-10-1501:12:33] [ ERROR] [GlobalExceptionHandler:24] Request method 'PUT' not supported
[2021-10-1501:12:44] [ ERROR] [GlobalExceptionHandler:24] Request method 'PUT' not supported
[2021-10-1501:14:00] [ ERROR] [GlobalExceptionHandler:24] Request method 'PUT' not supported
[2021-10-1501:15:37] [ ERROR] [GlobalExceptionHandler:24] Request method 'PUT' not supported
[2021-10-1804:36:59] [ ERROR] [GlobalExceptionHandler:24] JSON parse error: Cannot deserialize value of type `java.sql.Timestamp` from String "2021-10-19 08:00:00": not a valid representation (error: Failed to parse Date value '2021-10-19 08:00:00': Cannot parse date "2021-10-19 08:00:00": while it seems to fit format 'yyyy-MM-dd'T'HH:mm:ss.SSSX', parsing fails (leniency? null)); nested exception is com.fasterxml.jackson.databind.exc.InvalidFormatException: Cannot deserialize value of type `java.sql.Timestamp` from String "2021-10-19 08:00:00": not a valid representation (error: Failed to parse Date value '2021-10-19 08:00:00': Cannot parse date "2021-10-19 08:00:00": while it seems to fit format 'yyyy-MM-dd'T'HH:mm:ss.SSSX', parsing fails (leniency? null))
 at [Source: (PushbackInputStream); line: 1, column: 15] (through reference chain: com.example.demo.model.TurnoDTO["shift_date"])
[2021-10-1804:38:34] [ ERROR] [GlobalExceptionHandler:24] JSON parse error: Cannot deserialize value of type `java.sql.Timestamp` from String "2021-10-19 08:00:00": not a valid representation (error: Failed to parse Date value '2021-10-19 08:00:00': Cannot parse date "2021-10-19 08:00:00": while it seems to fit format 'yyyy-MM-dd'T'HH:mm:ss.SSSX', parsing fails (leniency? null)); nested exception is com.fasterxml.jackson.databind.exc.InvalidFormatException: Cannot deserialize value of type `java.sql.Timestamp` from String "2021-10-19 08:00:00": not a valid representation (error: Failed to parse Date value '2021-10-19 08:00:00': Cannot parse date "2021-10-19 08:00:00": while it seems to fit format 'yyyy-MM-dd'T'HH:mm:ss.SSSX', parsing fails (leniency? null))
 at [Source: (PushbackInputStream); line: 1, column: 15] (through reference chain: com.example.demo.model.TurnoDTO["shift_date"])
[2021-10-1804:38:52] [ ERROR] [GlobalExceptionHandler:24] JSON parse error: Cannot deserialize value of type `java.sql.Timestamp` from String "2021-10-19 08:00:00": not a valid representation (error: Failed to parse Date value '2021-10-19 08:00:00': Cannot parse date "2021-10-19 08:00:00": while it seems to fit format 'yyyy-MM-dd'T'HH:mm:ss.SSSX', parsing fails (leniency? null)); nested exception is com.fasterxml.jackson.databind.exc.InvalidFormatException: Cannot deserialize value of type `java.sql.Timestamp` from String "2021-10-19 08:00:00": not a valid representation (error: Failed to parse Date value '2021-10-19 08:00:00': Cannot parse date "2021-10-19 08:00:00": while it seems to fit format 'yyyy-MM-dd'T'HH:mm:ss.SSSX', parsing fails (leniency? null))
 at [Source: (PushbackInputStream); line: 1, column: 15] (through reference chain: com.example.demo.model.TurnoDTO["shift_date"])
[2021-10-1804:41:46] [ ERROR] [GlobalExceptionHandler:24] Request method 'GET' not supported
[2021-10-1805:02:08] [ ERROR] [GlobalExceptionHandler:24] JSON parse error: Cannot deserialize value of type `java.sql.Timestamp` from String "2021-10-19 08:30:00": not a valid representation (error: Failed to parse Date value '2021-10-19 08:30:00': Cannot parse date "2021-10-19 08:30:00": while it seems to fit format 'yyyy-MM-dd'T'HH:mm:ss.SSSX', parsing fails (leniency? null)); nested exception is com.fasterxml.jackson.databind.exc.InvalidFormatException: Cannot deserialize value of type `java.sql.Timestamp` from String "2021-10-19 08:30:00": not a valid representation (error: Failed to parse Date value '2021-10-19 08:30:00': Cannot parse date "2021-10-19 08:30:00": while it seems to fit format 'yyyy-MM-dd'T'HH:mm:ss.SSSX', parsing fails (leniency? null))
 at [Source: (PushbackInputStream); line: 1, column: 14] (through reference chain: com.example.demo.model.Turno["shiftDate"])
[2021-10-1805:02:29] [ ERROR] [GlobalExceptionHandler:24] JSON parse error: Cannot deserialize value of type `java.sql.Timestamp` from String "2021-10-19 8:00:00": not a valid representation (error: Failed to parse Date value '2021-10-19 8:00:00': Cannot parse date "2021-10-19 8:00:00": while it seems to fit format 'yyyy-MM-dd'T'HH:mm:ss.SSSX', parsing fails (leniency? null)); nested exception is com.fasterxml.jackson.databind.exc.InvalidFormatException: Cannot deserialize value of type `java.sql.Timestamp` from String "2021-10-19 8:00:00": not a valid representation (error: Failed to parse Date value '2021-10-19 8:00:00': Cannot parse date "2021-10-19 8:00:00": while it seems to fit format 'yyyy-MM-dd'T'HH:mm:ss.SSSX', parsing fails (leniency? null))
 at [Source: (PushbackInputStream); line: 1, column: 14] (through reference chain: com.example.demo.model.Turno["shiftDate"])
[2021-10-1805:03:13] [ ERROR] [GlobalExceptionHandler:24] JSON parse error: Cannot deserialize value of type `java.sql.Timestamp` from String "2021-10-13 08:00:00": not a valid representation (error: Failed to parse Date value '2021-10-13 08:00:00': Cannot parse date "2021-10-13 08:00:00": while it seems to fit format 'yyyy-MM-dd'T'HH:mm:ss.SSSX', parsing fails (leniency? null)); nested exception is com.fasterxml.jackson.databind.exc.InvalidFormatException: Cannot deserialize value of type `java.sql.Timestamp` from String "2021-10-13 08:00:00": not a valid representation (error: Failed to parse Date value '2021-10-13 08:00:00': Cannot parse date "2021-10-13 08:00:00": while it seems to fit format 'yyyy-MM-dd'T'HH:mm:ss.SSSX', parsing fails (leniency? null))
 at [Source: (PushbackInputStream); line: 1, column: 14] (through reference chain: com.example.demo.model.Turno["shiftDate"])
[2021-10-1805:03:59] [ ERROR] [GlobalExceptionHandler:24] JSON parse error: Cannot deserialize value of type `java.sql.Timestamp` from String "2021-10-28 08:00:00": not a valid representation (error: Failed to parse Date value '2021-10-28 08:00:00': Cannot parse date "2021-10-28 08:00:00": while it seems to fit format 'yyyy-MM-dd'T'HH:mm:ss.SSSX', parsing fails (leniency? null)); nested exception is com.fasterxml.jackson.databind.exc.InvalidFormatException: Cannot deserialize value of type `java.sql.Timestamp` from String "2021-10-28 08:00:00": not a valid representation (error: Failed to parse Date value '2021-10-28 08:00:00': Cannot parse date "2021-10-28 08:00:00": while it seems to fit format 'yyyy-MM-dd'T'HH:mm:ss.SSSX', parsing fails (leniency? null))
 at [Source: (PushbackInputStream); line: 1, column: 14] (through reference chain: com.example.demo.model.Turno["shiftDate"])
[2021-10-1805:04:51] [ ERROR] [GlobalExceptionHandler:24] JSON parse error: Cannot deserialize value of type `java.sql.Timestamp` from String "2021-10-19 08:00:00": not a valid representation (error: Failed to parse Date value '2021-10-19 08:00:00': Cannot parse date "2021-10-19 08:00:00": while it seems to fit format 'yyyy-MM-dd'T'HH:mm:ss.SSSX', parsing fails (leniency? null)); nested exception is com.fasterxml.jackson.databind.exc.InvalidFormatException: Cannot deserialize value of type `java.sql.Timestamp` from String "2021-10-19 08:00:00": not a valid representation (error: Failed to parse Date value '2021-10-19 08:00:00': Cannot parse date "2021-10-19 08:00:00": while it seems to fit format 'yyyy-MM-dd'T'HH:mm:ss.SSSX', parsing fails (leniency? null))
 at [Source: (PushbackInputStream); line: 1, column: 14] (through reference chain: com.example.demo.model.Turno["shiftDate"])
[2021-10-1805:12:14] [ ERROR] [GlobalExceptionHandler:24] JSON parse error: Cannot deserialize value of type `java.sql.Timestamp` from String "2021-10-19 08:00:00": not a valid representation (error: Failed to parse Date value '2021-10-19 08:00:00': Cannot parse date "2021-10-19 08:00:00": while it seems to fit format 'yyyy-MM-dd'T'HH:mm:ss.SSSX', parsing fails (leniency? null)); nested exception is com.fasterxml.jackson.databind.exc.InvalidFormatException: Cannot deserialize value of type `java.sql.Timestamp` from String "2021-10-19 08:00:00": not a valid representation (error: Failed to parse Date value '2021-10-19 08:00:00': Cannot parse date "2021-10-19 08:00:00": while it seems to fit format 'yyyy-MM-dd'T'HH:mm:ss.SSSX', parsing fails (leniency? null))
 at [Source: (PushbackInputStream); line: 1, column: 15] (through reference chain: com.example.demo.model.Turno["shift_date"])
[2021-10-1805:15:51] [ ERROR] [GlobalExceptionHandler:24] JSON parse error: Cannot construct instance of `com.example.demo.model.Client` (although at least one Creator exists): no int/Int-argument constructor/factory method to deserialize from Number value (42); nested exception is com.fasterxml.jackson.databind.exc.MismatchedInputException: Cannot construct instance of `com.example.demo.model.Client` (although at least one Creator exists): no int/Int-argument constructor/factory method to deserialize from Number value (42)
 at [Source: (PushbackInputStream); line: 1, column: 46] (through reference chain: com.example.demo.model.Turno["client"])
[2021-10-1805:27:47] [ ERROR] [GlobalExceptionHandler:24] JSON parse error: Cannot construct instance of `com.example.demo.model.Veterinary` (although at least one Creator exists): no int/Int-argument constructor/factory method to deserialize from Number value (1); nested exception is com.fasterxml.jackson.databind.exc.MismatchedInputException: Cannot construct instance of `com.example.demo.model.Veterinary` (although at least one Creator exists): no int/Int-argument constructor/factory method to deserialize from Number value (1)
 at [Source: (PushbackInputStream); line: 1, column: 126] (through reference chain: com.example.demo.model.Turno["veterinary"])
[2021-10-1805:55:30] [ ERROR] [GlobalExceptionHandler:24] Request method 'GET' not supported
[2021-10-1820:20:35] [ ERROR] [GlobalExceptionHandler:24] No value present
[2021-10-1820:22:17] [ ERROR] [GlobalExceptionHandler:24] JSON parse error: Cannot deserialize value of type `java.sql.Timestamp` from String "2021-10-21T8:00:00": not a valid representation (error: Failed to parse Date value '2021-10-21T8:00:00': Cannot parse date "2021-10-21T8:00:00": while it seems to fit format 'yyyy-MM-dd'T'HH:mm:ss.SSSX', parsing fails (leniency? null)); nested exception is com.fasterxml.jackson.databind.exc.InvalidFormatException: Cannot deserialize value of type `java.sql.Timestamp` from String "2021-10-21T8:00:00": not a valid representation (error: Failed to parse Date value '2021-10-21T8:00:00': Cannot parse date "2021-10-21T8:00:00": while it seems to fit format 'yyyy-MM-dd'T'HH:mm:ss.SSSX', parsing fails (leniency? null))
 at [Source: (PushbackInputStream); line: 1, column: 23] (through reference chain: com.example.demo.model.Turno["shift_date"])
[2021-10-1820:25:35] [ ERROR] [GlobalExceptionHandler:24] No value present
[2021-10-1821:06:03] [ ERROR] [GlobalExceptionHandler:24] JSON parse error: Cannot deserialize value of type `java.sql.Timestamp` from String "2021-10-20T8:00:00": not a valid representation (error: Failed to parse Date value '2021-10-20T8:00:00': Cannot parse date "2021-10-20T8:00:00": while it seems to fit format 'yyyy-MM-dd'T'HH:mm:ss.SSSX', parsing fails (leniency? null)); nested exception is com.fasterxml.jackson.databind.exc.InvalidFormatException: Cannot deserialize value of type `java.sql.Timestamp` from String "2021-10-20T8:00:00": not a valid representation (error: Failed to parse Date value '2021-10-20T8:00:00': Cannot parse date "2021-10-20T8:00:00": while it seems to fit format 'yyyy-MM-dd'T'HH:mm:ss.SSSX', parsing fails (leniency? null))
 at [Source: (PushbackInputStream); line: 1, column: 15] (through reference chain: com.example.demo.model.Turno["shift_date"])
[2021-10-1821:06:26] [ ERROR] [GlobalExceptionHandler:24] JSON parse error: Cannot deserialize value of type `java.sql.Timestamp` from String "2021-10-20T8:00:00": not a valid representation (error: Failed to parse Date value '2021-10-20T8:00:00': Cannot parse date "2021-10-20T8:00:00": while it seems to fit format 'yyyy-MM-dd'T'HH:mm:ss.SSSX', parsing fails (leniency? null)); nested exception is com.fasterxml.jackson.databind.exc.InvalidFormatException: Cannot deserialize value of type `java.sql.Timestamp` from String "2021-10-20T8:00:00": not a valid representation (error: Failed to parse Date value '2021-10-20T8:00:00': Cannot parse date "2021-10-20T8:00:00": while it seems to fit format 'yyyy-MM-dd'T'HH:mm:ss.SSSX', parsing fails (leniency? null))
 at [Source: (PushbackInputStream); line: 1, column: 15] (through reference chain: com.example.demo.model.Turno["shift_date"])
[2021-10-1821:07:34] [ ERROR] [GlobalExceptionHandler:24] JSON parse error: Cannot deserialize value of type `java.sql.Timestamp` from String "2021-10-28T8:00:00": not a valid representation (error: Failed to parse Date value '2021-10-28T8:00:00': Cannot parse date "2021-10-28T8:00:00": while it seems to fit format 'yyyy-MM-dd'T'HH:mm:ss.SSSX', parsing fails (leniency? null)); nested exception is com.fasterxml.jackson.databind.exc.InvalidFormatException: Cannot deserialize value of type `java.sql.Timestamp` from String "2021-10-28T8:00:00": not a valid representation (error: Failed to parse Date value '2021-10-28T8:00:00': Cannot parse date "2021-10-28T8:00:00": while it seems to fit format 'yyyy-MM-dd'T'HH:mm:ss.SSSX', parsing fails (leniency? null))
 at [Source: (PushbackInputStream); line: 1, column: 15] (through reference chain: com.example.demo.model.Turno["shift_date"])
[2021-10-1822:36:56] [ ERROR] [GlobalExceptionHandler:24] org.hibernate.TransientPropertyValueException: object references an unsaved transient instance - save the transient instance before flushing : com.example.demo.model.Turno.client -> com.example.demo.model.Client; nested exception is java.lang.IllegalStateException: org.hibernate.TransientPropertyValueException: object references an unsaved transient instance - save the transient instance before flushing : com.example.demo.model.Turno.client -> com.example.demo.model.Client
[2021-10-1822:41:49] [ ERROR] [GlobalExceptionHandler:24] org.hibernate.TransientPropertyValueException: object references an unsaved transient instance - save the transient instance before flushing : com.example.demo.model.Turno.client -> com.example.demo.model.Client; nested exception is java.lang.IllegalStateException: org.hibernate.TransientPropertyValueException: object references an unsaved transient instance - save the transient instance before flushing : com.example.demo.model.Turno.client -> com.example.demo.model.Client
[2021-10-1822:43:50] [ ERROR] [GlobalExceptionHandler:24] No value present
[2021-10-1822:47:51] [ ERROR] [GlobalExceptionHandler:24] No value present
[2021-10-1822:49:01] [ ERROR] [GlobalExceptionHandler:24] No value present
[2021-10-1822:51:50] [ ERROR] [GlobalExceptionHandler:24] No value present
[2021-10-1823:02:15] [ ERROR] [GlobalExceptionHandler:24] No value present
[2021-10-1823:05:25] [ ERROR] [GlobalExceptionHandler:24] No value present
[2021-10-1823:17:23] [ ERROR] [GlobalExceptionHandler:24] No value present
[2021-10-1823:17:28] [ ERROR] [GlobalExceptionHandler:24] No value present
[2021-10-1823:17:32] [ ERROR] [GlobalExceptionHandler:24] No value present
[2021-10-1823:44:14] [ ERROR] [GlobalExceptionHandler:24] No value present
[2021-10-1823:49:25] [ ERROR] [GlobalExceptionHandler:24] No value present
[2021-10-1823:59:31] [ ERROR] [GlobalExceptionHandler:24] No value present
[2021-10-1823:59:51] [ ERROR] [GlobalExceptionHandler:24] No value present
[2021-10-1900:01:05] [ ERROR] [GlobalExceptionHandler:24] No value present
[2021-10-1910:56:23] [ ERROR] [GlobalExceptionHandler:21] could not execute statement; SQL [n/a]; constraint ["FKOT1FA29EY83O17PV3T53MS74F: PUBLIC.TURNOS FOREIGN KEY(CLIENT_ID) REFERENCES PUBLIC.CLIENTS(ID) (1)"; SQL statement:
delete from clients where id=? [23503-193]]; nested exception is org.hibernate.exception.ConstraintViolationException: could not execute statement
[2021-10-1910:56:26] [ ERROR] [GlobalExceptionHandler:21] could not execute statement; SQL [n/a]; constraint ["FKOT1FA29EY83O17PV3T53MS74F: PUBLIC.TURNOS FOREIGN KEY(CLIENT_ID) REFERENCES PUBLIC.CLIENTS(ID) (1)"; SQL statement:
delete from clients where id=? [23503-193]]; nested exception is org.hibernate.exception.ConstraintViolationException: could not execute statement
[2021-10-1910:56:30] [ ERROR] [GlobalExceptionHandler:21] could not execute statement; SQL [n/a]; constraint ["FKC0QRM1DID8LCFVT0JQS0W2O1J: PUBLIC.TURNOS FOREIGN KEY(VETERINARY_ID) REFERENCES PUBLIC.VETERINARIES(ID) (1)"; SQL statement:
delete from veterinaries where id=? [23503-193]]; nested exception is org.hibernate.exception.ConstraintViolationException: could not execute statement
[2021-10-1911:03:29] [ ERROR] [GlobalExceptionHandler:21] could not execute statement; SQL [n/a]; constraint ["FKC0QRM1DID8LCFVT0JQS0W2O1J: PUBLIC.TURNOS FOREIGN KEY(VETERINARY_ID) REFERENCES PUBLIC.VETERINARIES(ID) (1)"; SQL statement:
delete from veterinaries where id=? [23503-193]]; nested exception is org.hibernate.exception.ConstraintViolationException: could not execute statement
[2021-10-1911:05:31] [ ERROR] [GlobalExceptionHandler:21] could not execute statement; SQL [n/a]; constraint ["FKC0QRM1DID8LCFVT0JQS0W2O1J: PUBLIC.TURNOS FOREIGN KEY(VETERINARY_ID) REFERENCES PUBLIC.VETERINARIES(ID) (1)"; SQL statement:
delete from veterinaries where id=? [23503-193]]; nested exception is org.hibernate.exception.ConstraintViolationException: could not execute statement
[2021-10-1911:10:48] [ ERROR] [GlobalExceptionHandler:21] could not execute statement; SQL [n/a]; constraint ["FKC0QRM1DID8LCFVT0JQS0W2O1J: PUBLIC.TURNOS FOREIGN KEY(VETERINARY_ID) REFERENCES PUBLIC.VETERINARIES(ID) (1)"; SQL statement:
delete from veterinaries where id=? [23503-193]]; nested exception is org.hibernate.exception.ConstraintViolationException: could not execute statement
[2021-10-1911:12:44] [ ERROR] [GlobalExceptionHandler:21] could not execute statement; SQL [n/a]; constraint ["FKC0QRM1DID8LCFVT0JQS0W2O1J: PUBLIC.TURNOS FOREIGN KEY(VETERINARY_ID) REFERENCES PUBLIC.VETERINARIES(ID) (1)"; SQL statement:
delete from veterinaries where id=? [23503-193]]; nested exception is org.hibernate.exception.ConstraintViolationException: could not execute statement
[2021-10-1911:13:01] [ ERROR] [GlobalExceptionHandler:21] could not execute statement; SQL [n/a]; constraint ["FKC0QRM1DID8LCFVT0JQS0W2O1J: PUBLIC.TURNOS FOREIGN KEY(VETERINARY_ID) REFERENCES PUBLIC.VETERINARIES(ID) (1)"; SQL statement:
delete from veterinaries where id=? [23503-193]]; nested exception is org.hibernate.exception.ConstraintViolationException: could not execute statement
[2021-10-1911:15:24] [ ERROR] [GlobalExceptionHandler:21] could not execute statement; SQL [n/a]; constraint ["FKC0QRM1DID8LCFVT0JQS0W2O1J: PUBLIC.TURNOS FOREIGN KEY(VETERINARY_ID) REFERENCES PUBLIC.VETERINARIES(ID) (2)"; SQL statement:
delete from veterinaries where id=? [23503-193]]; nested exception is org.hibernate.exception.ConstraintViolationException: could not execute statement
[2021-10-1911:15:58] [ ERROR] [GlobalExceptionHandler:21] could not execute statement; SQL [n/a]; constraint ["FKC0QRM1DID8LCFVT0JQS0W2O1J: PUBLIC.TURNOS FOREIGN KEY(VETERINARY_ID) REFERENCES PUBLIC.VETERINARIES(ID) (2)"; SQL statement:
delete from veterinaries where id=? [23503-193]]; nested exception is org.hibernate.exception.ConstraintViolationException: could not execute statement
[2021-10-1911:17:49] [ ERROR] [GlobalExceptionHandler:21] could not execute statement; SQL [n/a]; constraint ["FKC0QRM1DID8LCFVT0JQS0W2O1J: PUBLIC.TURNOS FOREIGN KEY(VETERINARY_ID) REFERENCES PUBLIC.VETERINARIES(ID) (2)"; SQL statement:
delete from veterinaries where id=? [23503-193]]; nested exception is org.hibernate.exception.ConstraintViolationException: could not execute statement
[2021-10-1911:19:48] [ ERROR] [GlobalExceptionHandler:21] could not execute statement; SQL [n/a]; constraint ["FKC0QRM1DID8LCFVT0JQS0W2O1J: PUBLIC.TURNOS FOREIGN KEY(VETERINARY_ID) REFERENCES PUBLIC.VETERINARIES(ID) (2)"; SQL statement:
delete from veterinaries where id=? [23503-193]]; nested exception is org.hibernate.exception.ConstraintViolationException: could not execute statement
[2021-10-1911:20:09] [ ERROR] [GlobalExceptionHandler:21] could not execute statement; SQL [n/a]; constraint ["FKC0QRM1DID8LCFVT0JQS0W2O1J: PUBLIC.TURNOS FOREIGN KEY(VETERINARY_ID) REFERENCES PUBLIC.VETERINARIES(ID) (2)"; SQL statement:
delete from veterinaries where id=? [23503-193]]; nested exception is org.hibernate.exception.ConstraintViolationException: could not execute statement
[2021-10-1911:31:57] [ ERROR] [GlobalExceptionHandler:21] could not execute statement; SQL [n/a]; constraint ["FKOT1FA29EY83O17PV3T53MS74F: PUBLIC.TURNOS FOREIGN KEY(CLIENT_ID) REFERENCES PUBLIC.CLIENTS(ID) (2)"; SQL statement:
delete from clients where id=? [23503-193]]; nested exception is org.hibernate.exception.ConstraintViolationException: could not execute statement
[2021-10-1911:32:00] [ ERROR] [GlobalExceptionHandler:21] could not execute statement; SQL [n/a]; constraint ["FKC0QRM1DID8LCFVT0JQS0W2O1J: PUBLIC.TURNOS FOREIGN KEY(VETERINARY_ID) REFERENCES PUBLIC.VETERINARIES(ID) (2)"; SQL statement:
delete from veterinaries where id=? [23503-193]]; nested exception is org.hibernate.exception.ConstraintViolationException: could not execute statement
[2021-10-1911:34:40] [ ERROR] [GlobalExceptionHandler:21] could not execute statement; SQL [n/a]; constraint ["FKC0QRM1DID8LCFVT0JQS0W2O1J: PUBLIC.TURNOS FOREIGN KEY(VETERINARY_ID) REFERENCES PUBLIC.VETERINARIES(ID) (2)"; SQL statement:
delete from veterinaries where id=? [23503-193]]; nested exception is org.hibernate.exception.ConstraintViolationException: could not execute statement
[2021-10-1912:20:01] [ ERROR] [GlobalExceptionHandler:21] No value present
[2021-10-1912:20:06] [ ERROR] [GlobalExceptionHandler:21] No value present
[2021-10-1912:20:16] [ ERROR] [GlobalExceptionHandler:21] No value present
[2021-10-1912:20:31] [ ERROR] [GlobalExceptionHandler:21] No value present
[2021-10-1912:22:17] [ ERROR] [GlobalExceptionHandler:21] No value present
[2021-10-1912:24:23] [ ERROR] [GlobalExceptionHandler:21] No value present
[2021-10-1912:27:54] [ ERROR] [GlobalExceptionHandler:21] could not execute statement; SQL [n/a]; constraint ["FKC0QRM1DID8LCFVT0JQS0W2O1J: PUBLIC.TURNOS FOREIGN KEY(VETERINARY_ID) REFERENCES PUBLIC.VETERINARIES(ID) (5)"; SQL statement:
delete from veterinaries where id=? [23503-193]]; nested exception is org.hibernate.exception.ConstraintViolationException: could not execute statement
[2021-10-1912:28:23] [ ERROR] [GlobalExceptionHandler:21] No value present
[2021-10-1912:28:27] [ ERROR] [GlobalExceptionHandler:21] No value present
[2021-10-1912:28:31] [ ERROR] [GlobalExceptionHandler:21] No value present
[2021-10-1912:33:53] [ ERROR] [GlobalExceptionHandler:21] No value present
[2021-10-1912:37:30] [ ERROR] [GlobalExceptionHandler:21] JSON parse error: Cannot deserialize value of type `java.sql.Timestamp` from String "2021-10-20T8:00:00": not a valid representation (error: Failed to parse Date value '2021-10-20T8:00:00': Cannot parse date "2021-10-20T8:00:00": while it seems to fit format 'yyyy-MM-dd'T'HH:mm:ss.SSSX', parsing fails (leniency? null)); nested exception is com.fasterxml.jackson.databind.exc.InvalidFormatException: Cannot deserialize value of type `java.sql.Timestamp` from String "2021-10-20T8:00:00": not a valid representation (error: Failed to parse Date value '2021-10-20T8:00:00': Cannot parse date "2021-10-20T8:00:00": while it seems to fit format 'yyyy-MM-dd'T'HH:mm:ss.SSSX', parsing fails (leniency? null))
 at [Source: (PushbackInputStream); line: 1, column: 15] (through reference chain: com.example.demo.model.Turno["shift_date"])
[2021-10-1912:37:40] [ ERROR] [GlobalExceptionHandler:21] JSON parse error: Cannot deserialize value of type `java.sql.Timestamp` from String "2021-10-14T8:00:00": not a valid representation (error: Failed to parse Date value '2021-10-14T8:00:00': Cannot parse date "2021-10-14T8:00:00": while it seems to fit format 'yyyy-MM-dd'T'HH:mm:ss.SSSX', parsing fails (leniency? null)); nested exception is com.fasterxml.jackson.databind.exc.InvalidFormatException: Cannot deserialize value of type `java.sql.Timestamp` from String "2021-10-14T8:00:00": not a valid representation (error: Failed to parse Date value '2021-10-14T8:00:00': Cannot parse date "2021-10-14T8:00:00": while it seems to fit format 'yyyy-MM-dd'T'HH:mm:ss.SSSX', parsing fails (leniency? null))
 at [Source: (PushbackInputStream); line: 1, column: 15] (through reference chain: com.example.demo.model.Turno["shift_date"])
[2021-10-1912:47:09] [ ERROR] [GlobalExceptionHandler:21] JSON parse error: Cannot deserialize value of type `java.sql.Timestamp` from String "2021-10-19T8:00:00": not a valid representation (error: Failed to parse Date value '2021-10-19T8:00:00': Cannot parse date "2021-10-19T8:00:00": while it seems to fit format 'yyyy-MM-dd'T'HH:mm:ss.SSSX', parsing fails (leniency? null)); nested exception is com.fasterxml.jackson.databind.exc.InvalidFormatException: Cannot deserialize value of type `java.sql.Timestamp` from String "2021-10-19T8:00:00": not a valid representation (error: Failed to parse Date value '2021-10-19T8:00:00': Cannot parse date "2021-10-19T8:00:00": while it seems to fit format 'yyyy-MM-dd'T'HH:mm:ss.SSSX', parsing fails (leniency? null))
 at [Source: (PushbackInputStream); line: 1, column: 15] (through reference chain: com.example.demo.model.Turno["shift_date"])
